{"type":"server-started","port":49846,"host":"127.0.0.1","url_host":"localhost","url":"http://localhost:49846","screen_dir":"/Users/zj81920/应用开发/zj-hcec-epc/.superpowers/brainstorm/53399-1780680271/content","state_dir":"/Users/zj81920/应用开发/zj-hcec-epc/.superpowers/brainstorm/53399-1780680271/state"}
{"type":"screen-added","file":"/Users/zj81920/应用开发/zj-hcec-epc/.superpowers/brainstorm/53399-1780680271/content/supplier-quote.html"}
{"type":"screen-updated","file":"/Users/zj81920/应用开发/zj-hcec-epc/.superpowers/brainstorm/53399-1780680271/content/supplier-quote.html"}
{"type":"screen-updated","file":"/Users/zj81920/应用开发/zj-hcec-epc/.superpowers/brainstorm/53399-1780680271/content/supplier-quote.html"}
{"type":"screen-updated","file":"/Users/zj81920/应用开发/zj-hcec-epc/.superpowers/brainstorm/53399-1780680271/content/supplier-quote.html"}
{"type":"screen-updated","file":"/Users/zj81920/应用开发/zj-hcec-epc/.superpowers/brainstorm/53399-1780680271/content/supplier-quote.html"}
{"type":"screen-updated","file":"/Users/zj81920/应用开发/zj-hcec-epc/.superpowers/brainstorm/53399-1780680271/content/supplier-quote.html"}
{"type":"screen-updated","file":"/Users/zj81920/应用开发/zj-hcec-epc/.superpowers/brainstorm/53399-1780680271/content/supplier-quote.html"}
{"type":"screen-updated","file":"/Users/zj81920/应用开发/zj-hcec-epc/.superpowers/brainstorm/53399-1780680271/content/supplier-quote.html"}
{"type":"screen-updated","file":"/Users/zj81920/应用开发/zj-hcec-epc/.superpowers/brainstorm/53399-1780680271/content/supplier-quote.html"}
{"type":"screen-updated","file":"/Users/zj81920/应用开发/zj-hcec-epc/.superpowers/brainstorm/53399-1780680271/content/supplier-quote.html"}
{"type":"screen-updated","file":"/Users/zj81920/应用开发/zj-hcec-epc/.superpowers/brainstorm/53399-1780680271/content/supplier-quote.html"}
{"type":"screen-updated","file":"/Users/zj81920/应用开发/zj-hcec-epc/.superpowers/brainstorm/53399-1780680271/content/supplier-quote.html"}
{"type":"screen-updated","file":"/Users/zj81920/应用开发/zj-hcec-epc/.superpowers/brainstorm/53399-1780680271/content/supplier-quote.html"}
{"type":"screen-updated","file":"/Users/zj81920/应用开发/zj-hcec-epc/.superpowers/brainstorm/53399-1780680271/content/supplier-quote.html"}
{"type":"screen-updated","file":"/Users/zj81920/应用开发/zj-hcec-epc/.superpowers/brainstorm/53399-1780680271/content/supplier-quote.html"}
{"type":"screen-updated","file":"/Users/zj81920/应用开发/zj-hcec-epc/.superpowers/brainstorm/53399-1780680271/content/supplier-quote.html"}
{"type":"screen-updated","file":"/Users/zj81920/应用开发/zj-hcec-epc/.superpowers/brainstorm/53399-1780680271/content/supplier-quote.html"}
{"type":"screen-updated","file":"/Users/zj81920/应用开发/zj-hcec-epc/.superpowers/brainstorm/53399-1780680271/content/supplier-quote.html"}
{"type":"screen-updated","file":"/Users/zj81920/应用开发/zj-hcec-epc/.superpowers/brainstorm/53399-1780680271/content/supplier-quote.html"}
{"type":"screen-updated","file":"/Users/zj81920/应用开发/zj-hcec-epc/.superpowers/brainstorm/53399-1780680271/content/supplier-quote.html"}
{"type":"screen-updated","file":"/Users/zj81920/应用开发/zj-hcec-epc/.superpowers/brainstorm/53399-1780680271/content/supplier-quote.html"}
{"type":"screen-updated","file":"/Users/zj81920/应用开发/zj-hcec-epc/.superpowers/brainstorm/53399-1780680271/content/supplier-quote.html"}
{"type":"screen-updated","file":"/Users/zj81920/应用开发/zj-hcec-epc/.superpowers/brainstorm/53399-1780680271/content/supplier-quote.html"}
{"type":"screen-updated","file":"/Users/zj81920/应用开发/zj-hcec-epc/.superpowers/brainstorm/53399-1780680271/content/supplier-quote.html"}
{"type":"screen-updated","file":"/Users/zj81920/应用开发/zj-hcec-epc/.superpowers/brainstorm/53399-1780680271/content/supplier-quote.html"}
{"type":"screen-updated","file":"/Users/zj81920/应用开发/zj-hcec-epc/.superpowers/brainstorm/53399-1780680271/content/supplier-quote.html"}
{"type":"screen-updated","file":"/Users/zj81920/应用开发/zj-hcec-epc/.superpowers/brainstorm/53399-1780680271/content/supplier-quote.html"}
{"type":"screen-updated","file":"/Users/zj81920/应用开发/zj-hcec-epc/.superpowers/brainstorm/53399-1780680271/content/supplier-quote.html"}
{"type":"screen-updated","file":"/Users/zj81920/应用开发/zj-hcec-epc/.superpowers/brainstorm/53399-1780680271/content/supplier-quote.html"}
{"type":"screen-updated","file":"/Users/zj81920/应用开发/zj-hcec-epc/.superpowers/brainstorm/53399-1780680271/content/supplier-quote.html"}
{"type":"screen-updated","file":"/Users/zj81920/应用开发/zj-hcec-epc/.superpowers/brainstorm/53399-1780680271/content/supplier-quote.html"}
{"type":"screen-updated","file":"/Users/zj81920/应用开发/zj-hcec-epc/.superpowers/brainstorm/53399-1780680271/content/supplier-quote.html"}
{"type":"screen-updated","file":"/Users/zj81920/应用开发/zj-hcec-epc/.superpowers/brainstorm/53399-1780680271/content/supplier-quote.html"}
{"type":"screen-updated","file":"/Users/zj81920/应用开发/zj-hcec-epc/.superpowers/brainstorm/53399-1780680271/content/supplier-quote.html"}
{"type":"screen-updated","file":"/Users/zj81920/应用开发/zj-hcec-epc/.superpowers/brainstorm/53399-1780680271/content/supplier-quote.html"}
{"type":"screen-updated","file":"/Users/zj81920/应用开发/zj-hcec-epc/.superpowers/brainstorm/53399-1780680271/content/supplier-quote.html"}
{"type":"screen-updated","file":"/Users/zj81920/应用开发/zj-hcec-epc/.superpowers/brainstorm/53399-1780680271/content/supplier-quote.html"}
{"type":"screen-updated","file":"/Users/zj81920/应用开发/zj-hcec-epc/.superpowers/brainstorm/53399-1780680271/content/supplier-quote.html"}
{"type":"screen-updated","file":"/Users/zj81920/应用开发/zj-hcec-epc/.superpowers/brainstorm/53399-1780680271/content/supplier-quote.html"}
{"type":"screen-updated","file":"/Users/zj81920/应用开发/zj-hcec-epc/.superpowers/brainstorm/53399-1780680271/content/supplier-quote.html"}
{"type":"screen-updated","file":"/Users/zj81920/应用开发/zj-hcec-epc/.superpowers/brainstorm/53399-1780680271/content/supplier-quote.html"}
{"type":"screen-updated","file":"/Users/zj81920/应用开发/zj-hcec-epc/.superpowers/brainstorm/53399-1780680271/content/supplier-quote.html"}
{"type":"screen-updated","file":"/Users/zj81920/应用开发/zj-hcec-epc/.superpowers/brainstorm/53399-1780680271/content/supplier-quote.html"}
{"type":"screen-updated","file":"/Users/zj81920/应用开发/zj-hcec-epc/.superpowers/brainstorm/53399-1780680271/content/supplier-quote.html"}
{"type":"screen-updated","file":"/Users/zj81920/应用开发/zj-hcec-epc/.superpowers/brainstorm/53399-1780680271/content/supplier-quote.html"}
{"type":"screen-updated","file":"/Users/zj81920/应用开发/zj-hcec-epc/.superpowers/brainstorm/53399-1780680271/content/supplier-quote.html"}
{"type":"screen-updated","file":"/Users/zj81920/应用开发/zj-hcec-epc/.superpowers/brainstorm/53399-1780680271/content/supplier-quote.html"}
{"type":"screen-updated","file":"/Users/zj81920/应用开发/zj-hcec-epc/.superpowers/brainstorm/53399-1780680271/content/supplier-quote.html"}
{"type":"screen-updated","file":"/Users/zj81920/应用开发/zj-hcec-epc/.superpowers/brainstorm/53399-1780680271/content/supplier-quote.html"}
{"type":"screen-updated","file":"/Users/zj81920/应用开发/zj-hcec-epc/.superpowers/brainstorm/53399-1780680271/content/supplier-quote.html"}
{"type":"screen-updated","file":"/Users/zj81920/应用开发/zj-hcec-epc/.superpowers/brainstorm/53399-1780680271/content/supplier-quote.html"}
{"type":"screen-updated","file":"/Users/zj81920/应用开发/zj-hcec-epc/.superpowers/brainstorm/53399-1780680271/content/supplier-quote.html"}
{"type":"screen-updated","file":"/Users/zj81920/应用开发/zj-hcec-epc/.superpowers/brainstorm/53399-1780680271/content/supplier-quote.html"}
{"type":"screen-updated","file":"/Users/zj81920/应用开发/zj-hcec-epc/.superpowers/brainstorm/53399-1780680271/content/supplier-quote.html"}
{"type":"screen-added","file":"/Users/zj81920/应用开发/zj-hcec-epc/.superpowers/brainstorm/53399-1780680271/content/supplier-quote-v2.html"}
{"type":"screen-updated","file":"/Users/zj81920/应用开发/zj-hcec-epc/.superpowers/brainstorm/53399-1780680271/content/supplier-quote-v2.html"}
{"type":"screen-added","file":"/Users/zj81920/应用开发/zj-hcec-epc/.superpowers/brainstorm/53399-1780680271/content/supplier-quote-v3.html"}
{"type":"screen-updated","file":"/Users/zj81920/应用开发/zj-hcec-epc/.superpowers/brainstorm/53399-1780680271/content/supplier-quote-v3.html"}
{"type":"screen-updated","file":"/Users/zj81920/应用开发/zj-hcec-epc/.superpowers/brainstorm/53399-1780680271/content/supplier-quote-v3.html"}
{"type":"screen-updated","file":"/Users/zj81920/应用开发/zj-hcec-epc/.superpowers/brainstorm/53399-1780680271/content/supplier-quote-v3.html"}
{"type":"screen-updated","file":"/Users/zj81920/应用开发/zj-hcec-epc/.superpowers/brainstorm/53399-1780680271/content/supplier-quote-v3.html"}
{"type":"server-stopped","reason":"idle timeout"}
